[1m============================= test session starts ==============================[0m
platform linux -- Python 3.8.14, pytest-7.1.2, pluggy-1.0.0 -- /home/brunolajoie/code/lewagon/data-engineering-solutions/01-Software-Engineering-Best-Practices/03-SQL-Databases/01-Movies-DB/.venv/bin/python
cachedir: .pytest_cache
rootdir: /home/brunolajoie/code/lewagon/data-engineering-solutions/01-Software-Engineering-Best-Practices/03-SQL-Databases/01-Movies-DB, configfile: pyproject.toml
[1mcollecting ... [0mcollected 4 items

tests/test_2.py::test_correct_tables [32mPASSED[0m[32m                              [ 25%][0m
tests/test_2.py::test_correct_column_names_and_types [32mPASSED[0m[32m              [ 50%][0m
tests/test_3.py::test_correct_tables [32mPASSED[0m[32m                              [ 75%][0m
tests/test_3.py::test_correct_column_name_and_types [32mPASSED[0m[32m               [100%][0m

[32m============================== [32m[1m4 passed[0m[32m in 0.48s[0m[32m ===============================[0m
