============================= test session starts ==============================
platform linux -- Python 3.8.14, pytest-7.1.2, pluggy-1.0.0 -- /home/janine.windhoff/code/janinewin/data-engineering-challenges/01-Software-Engineering-Best-Practices/05-Docker-and-Deployment/02-Dockerfile/.venv/bin/python
cachedir: .pytest_cache
rootdir: /home/janine.windhoff/code/janinewin/data-engineering-challenges/01-Software-Engineering-Best-Practices/05-Docker-and-Deployment/02-Dockerfile
plugins: anyio-3.6.2
collecting ... collected 8 items

tests/test_task_1.py::TestTask1::test_dockerfile_task_1_strict SKIPPED   [ 12%]
tests/test_task_1.py::TestTask1::test_dockerfile_task_1_keys_only PASSED [ 25%]
tests/test_task_2.py::TestTask2::test_dockerfile_task_2 SKIPPED (Can...) [ 37%]
tests/test_task_2.py::TestTask2::test_dockerfile_task_2_keys_only PASSED [ 50%]
tests/test_task_3.py::TestTask3::test_dockerfile_task_3_1 SKIPPED (C...) [ 62%]
tests/test_task_3.py::TestTask3::test_dockerfile_task_3_1_keys_only PASSED [ 75%]
tests/test_task_3.py::TestTask3::test_dockerfile_task_3_2 SKIPPED (C...) [ 87%]
tests/test_task_3.py::TestTask3::test_dockerfile_task_3_2_keys_only PASSED [100%]

========================= 4 passed, 4 skipped in 0.11s =========================
