Creating virtualenv d3-setup-mV1Sd0HT-py3.8 in /home/brunolajoie/.cache/pypoetry/virtualenvs
============================= test session starts ==============================
platform linux -- Python 3.8.14, pytest-7.2.0, pluggy-1.0.0 -- /home/brunolajoie/.local/pipx/venvs/pytest/bin/python
cachedir: .pytest_cache
rootdir: /home/brunolajoie/code/lewagon/data-engineering-solutions/02-Data-Storage-and-Batch-Pipelines/02-NoSQL/05-Recap
collecting ... collected 1 item

tests/test_all.py::test_all PASSED                                       [100%]

============================== 1 passed in 0.01s ===============================
