============================= test session starts ==============================
platform linux -- Python 3.8.14, pytest-7.1.2, pluggy-1.0.0 -- /home/brunolajoie/code/lewagon/data-engineering-solutions/02-Data-Storage-and-Batch-Pipelines/01-Docker-compose/01-Docker-Compose/.venv/bin/python
cachedir: .pytest_cache
rootdir: /home/brunolajoie/code/lewagon/data-engineering-solutions/02-Data-Storage-and-Batch-Pipelines/01-Docker-compose/01-Docker-Compose
plugins: anyio-3.6.1
collecting ... collected 5 items

tests/test_task_1.py::TestTask1::test_docker_compose_strict SKIPPED      [ 20%]
tests/test_task_1.py::TestTask1::test_docker_compose PASSED              [ 40%]
tests/test_task_2.py::TestTask2::test_docker_compose_strict SKIPPED      [ 60%]
tests/test_task_2.py::TestTask2::test_docker_compose PASSED              [ 80%]
tests/test_task_3.py::test_setup_webserver PASSED                        [100%]

========================= 3 passed, 2 skipped in 0.24s =========================
