============================= test session starts ==============================
platform linux -- Python 3.8.14, pytest-7.1.2, pluggy-1.0.0 -- /home/brunolajoie/code/lewagon/data-engineering-solutions/03-Data-at-Scale/02-Pipeline-Orchestration/01-Advanced-Airflow/.venv/bin/python
cachedir: .pytest_cache
rootdir: /home/brunolajoie/code/lewagon/data-engineering-solutions/03-Data-at-Scale/02-Pipeline-Orchestration/01-Advanced-Airflow, configfile: pyproject.toml
plugins: mock-3.2.0, anyio-3.6.1, responses-0.4.0
collecting ... collected 17 items

tests/test_extract_dag.py::TestExtractDag::test_dag_config PASSED        [  5%]
tests/test_extract_dag.py::TestExtractDag::test_extract_tasks PASSED     [ 11%]
tests/test_extract_dag.py::TestExtractDag::test_curl_trip_data_task_task PASSED [ 17%]
tests/test_load_dag.py::TestLoadDag::test_dag_config PASSED              [ 23%]
tests/test_load_dag.py::TestLoadDag::test_tasks PASSED                   [ 29%]
tests/test_load_dag.py::TestLoadDag::test_transform_sensor_task PASSED   [ 35%]
tests/test_load_dag.py::TestLoadDag::test_upload_local_file_to_gcs_task PASSED [ 41%]
tests/test_load_dag.py::TestLoadDag::test_create_dataset_task PASSED     [ 47%]
tests/test_load_dag.py::TestLoadDag::test_create_table_task PASSED       [ 52%]
tests/test_load_dag.py::TestLoadDag::test_remove_existing_data_task PASSED [ 58%]
tests/test_load_dag.py::TestLoadDag::test_load_to_bigquery_task PASSED   [ 64%]
tests/test_transform_dag.py::TestTransformDag::test_dag_config PASSED    [ 70%]
tests/test_transform_dag.py::TestTransformDag::test_tasks PASSED         [ 76%]
tests/test_transform_dag.py::test_is_month_odd PASSED                    [ 82%]
tests/test_transform_dag.py::test_prepare_data PASSED                    [ 88%]
tests/test_transform_dag.py::test_filter_long_trips PASSED               [ 94%]
tests/test_transform_dag.py::test_filter_expensive_trips PASSED          [100%]

======================= 17 passed, 68 warnings in 1.63s ========================
