============================= test session starts ==============================
platform darwin -- Python 3.9.13, pytest-7.1.2, pluggy-1.0.0 -- /Users/hvandernotte/Library/Caches/pypoetry/virtualenvs/02-advanced-data-pipelines/03-dbt-airflow/-Vd1SbrhH-py3.9/bin/python
cachedir: .pytest_cache
rootdir: /Users/hvandernotte/code/le_wagon/data-engineering-solutions/02-Advanced-data-pipelines/03-DBT-Airflow/02-Advanced-Airflow
plugins: anyio-3.6.1, mock-3.2.0, responses-0.4.0
collecting ... collected 23 items

tests/test_extract_dag.py::TestExtractDag::test_dag_config PASSED        [  4%]
tests/test_extract_dag.py::TestExtractDag::test_extract_tasks PASSED     [  8%]
tests/test_extract_dag.py::TestExtractDag::test_curl_trip_data_task_task PASSED [ 13%]
tests/test_load_dag.py::TestLoadDag::test_dag_config PASSED              [ 17%]
tests/test_load_dag.py::TestLoadDag::test_tasks PASSED                   [ 21%]
tests/test_load_dag.py::TestLoadDag::test_transform_sensor_task PASSED   [ 26%]
tests/test_load_dag.py::TestLoadDag::test_load_to_database_task PASSED   [ 30%]
tests/test_load_dag.py::TestLoadDag::test_display_number_of_inserted_rows_task PASSED [ 34%]
tests/test_load_dag.py::test_load_to_database PASSED                     [ 39%]
tests/test_load_dag.py::test_display_number_of_inserted_rows PASSED      [ 43%]
tests/test_optional_google_cloud_dag.py::TestOptionalBigQueryDag::test_dag_config PASSED [ 47%]
tests/test_optional_google_cloud_dag.py::TestOptionalBigQueryDag::test_tasks PASSED [ 52%]
tests/test_optional_google_cloud_dag.py::TestOptionalBigQueryDag::test_transform_sensor_task PASSED [ 56%]
tests/test_optional_google_cloud_dag.py::TestOptionalBigQueryDag::test_upload_local_file_to_gcs_task PASSED [ 60%]
tests/test_optional_google_cloud_dag.py::TestOptionalBigQueryDag::test_create_dataset_task PASSED [ 65%]
tests/test_optional_google_cloud_dag.py::TestOptionalBigQueryDag::test_create_table_task PASSED [ 69%]
tests/test_optional_google_cloud_dag.py::TestOptionalBigQueryDag::test_load_to_bigquery_task PASSED [ 73%]
tests/test_transform_dag.py::TestTransformDag::test_dag_config PASSED    [ 78%]
tests/test_transform_dag.py::TestTransformDag::test_tasks PASSED         [ 82%]
tests/test_transform_dag.py::test_is_month_odd PASSED                    [ 86%]
tests/test_transform_dag.py::test_prepare_data PASSED                    [ 91%]
tests/test_transform_dag.py::test_filter_long_trips PASSED               [ 95%]
tests/test_transform_dag.py::test_filter_expensive_trips PASSED          [100%]

=============================== warnings summary ===============================
tests/test_extract_dag.py: 12 warnings
tests/test_load_dag.py: 28 warnings
tests/test_optional_google_cloud_dag.py: 28 warnings
tests/test_transform_dag.py: 24 warnings
  /Users/hvandernotte/Library/Caches/pypoetry/virtualenvs/02-advanced-data-pipelines/03-dbt-airflow/-Vd1SbrhH-py3.9/lib/python3.9/site-packages/pytest_responses.py:9: DeprecationWarning: distutils Version classes are deprecated. Use packaging.version instead.
    if LooseVersion(pytest.__version__) >= LooseVersion('4.0.0'):

-- Docs: https://docs.pytest.org/en/stable/how-to/capture-warnings.html
======================= 23 passed, 92 warnings in 1.54s ========================
