============================= test session starts ==============================
platform linux -- Python 3.8.14, pytest-7.1.2, pluggy-1.0.0 -- /home/janine.windhoff/code/janinewin/data-engineering-challenges/01-Software-Engineering-Best-Practices/01-Setup/00-Test-Setup/.venv/bin/python
cachedir: .pytest_cache
rootdir: /home/janine.windhoff/code/janinewin/data-engineering-challenges/01-Software-Engineering-Best-Practices/01-Setup/00-Test-Setup, configfile: pyproject.toml
collecting ... collected 2 items / 1 deselected / 1 selected

tests/test_your_function.py::test_something PASSED                       [100%]

======================= 1 passed, 1 deselected in 0.01s ========================
