[1m============================= test session starts ==============================[0m
platform linux -- Python 3.8.14, pytest-7.1.2, pluggy-1.0.0 -- /home/brunolajoie/code/lewagon/data-engineering-solutions/01-Software-Engineering-Best-Practices/03-SQL-Databases/03-SQL-Advanced/.venv/bin/python
cachedir: .pytest_cache
rootdir: /home/brunolajoie/code/lewagon/data-engineering-solutions/01-Software-Engineering-Best-Practices/03-SQL-Databases/03-SQL-Advanced, configfile: pyproject.toml
[1mcollecting ... [0mcollected 8 items

tests/test_exercice_1.py::test_correct_columns [32mPASSED[0m[32m                    [ 12%][0m
tests/test_exercice_1.py::test_correct_filters [32mPASSED[0m[32m                    [ 25%][0m
tests/test_exercice_2.py::test_correct_columns_and_size [32mPASSED[0m[32m           [ 37%][0m
tests/test_exercice_2.py::test_correct_metric_calculation [32mPASSED[0m[32m         [ 50%][0m
tests/test_exercice_3.py::test_correct_columns_and_size [32mPASSED[0m[32m           [ 62%][0m
tests/test_exercice_3.py::test_correct_yoy_values [32mPASSED[0m[32m                 [ 75%][0m
tests/test_exercice_4.py::test_correct_columns_and_size [32mPASSED[0m[32m           [ 87%][0m
tests/test_exercice_4.py::test_correct_metric_calculation [32mPASSED[0m[32m         [100%][0m

[32m============================== [32m[1m8 passed[0m[32m in 1.14s[0m[32m ===============================[0m
