============================= test session starts ==============================
platform linux -- Python 3.8.14, pytest-7.2.0, pluggy-1.0.0 -- /home/brunolajoie/.local/pipx/venvs/pytest/bin/python
cachedir: .pytest_cache
rootdir: /home/brunolajoie/code/lewagon/data-engineering-solutions/01-Software-Engineering-Best-Practices/05-Docker-and-Deployment/01-Docker-101
collecting ... collected 1 item

tests/test_pass.py::test_pass PASSED                                     [100%]

============================== 1 passed in 0.01s ===============================
