============================= test session starts ==============================
platform linux -- Python 3.8.14, pytest-7.1.2, pluggy-1.0.0 -- /home/brunolajoie/code/lewagon/data-engineering-solutions/02-Data-Storage-and-Batch-Pipelines/03-ETL-and-introduction-to-Airflow/03-Local-ETL/.venv/bin/python
cachedir: .pytest_cache
rootdir: /home/brunolajoie/code/lewagon/data-engineering-solutions/02-Data-Storage-and-Batch-Pipelines/03-ETL-and-introduction-to-Airflow/03-Local-ETL, configfile: pyproject.toml
plugins: mock-3.2.0
collecting ... collected 12 items / 3 deselected / 9 selected

tests/test_dag_config.py::TestDagConfig::test_dag_config PASSED          [ 11%]
tests/test_python_functions.py::test_read_from_json PASSED               [ 22%]
tests/test_python_functions.py::test_translate_joke_to_swedish PASSED    [ 33%]
tests/test_python_functions.py::test_write_jokes_to_json PASSED          [ 44%]
tests/test_python_functions.py::test_double_single_quote PASSED          [ 55%]
tests/test_python_functions.py::test_transform PASSED                    [ 66%]
tests/test_python_functions.py::test_load_to_database PASSED             [ 77%]
tests/test_tasks_configs.py::TestTasksConfigs::test_tasks PASSED         [ 88%]
tests/test_tasks_configs.py::TestTasksConfigs::test_create_swedified_jokes_task PASSED [100%]

======================= 9 passed, 3 deselected in 3.48s ========================
