[1m============================= test session starts ==============================[0m
platform linux -- Python 3.8.14, pytest-7.1.2, pluggy-1.0.0 -- /home/brunolajoie/code/lewagon/data-engineering-solutions/01-Software-Engineering-Best-Practices/03-SQL-Databases/02-SQL-Basics/.venv/bin/python
cachedir: .pytest_cache
rootdir: /home/brunolajoie/code/lewagon/data-engineering-solutions/01-Software-Engineering-Best-Practices/03-SQL-Databases/02-SQL-Basics, configfile: pyproject.toml
[1mcollecting ... [0mcollected 2 items

tests/test_exercice_4_1.py::test_duplicate_movies_metadata [32mPASSED[0m[32m        [ 50%][0m
tests/test_exercice_5.py::test_referential_integrity [32mPASSED[0m[32m              [100%][0m

[32m============================== [32m[1m2 passed[0m[32m in 19.52s[0m[32m ==============================[0m
