============================= test session starts ==============================
platform darwin -- Python 3.9.0, pytest-7.1.2, pluggy-1.0.0 -- /Users/hvandernotte/Library/Caches/pypoetry/virtualenvs/01-data-storage-and-batch-pipeline/04-etl--v1XCWFM6-py3.9/bin/python
cachedir: .pytest_cache
rootdir: /Users/hvandernotte/code/le_wagon/data-engineering-solutions/01-Data-Storage-and-Batch-Pipelines/04-ETL-and-introduction-to-Airflow/01-Breaking-Bad-Quotes
plugins: anyio-3.6.1, mock-3.2.0, responses-0.4.0
collecting ... collected 12 items

tests/test_dag_config.py::TestDagConfig::test_dag_config PASSED          [  8%]
tests/test_python_functions.py::test_create_file_if_not_exist_with_new_file PASSED [ 16%]
tests/test_python_functions.py::test_create_file_if_not_exist_with_existing_file PASSED [ 25%]
tests/test_python_functions.py::test_get_quote PASSED                    [ 33%]
tests/test_python_functions.py::test_is_quote_new_with_new_quote PASSED  [ 41%]
tests/test_python_functions.py::test_is_quote_new_with_existing_quote PASSED [ 50%]
tests/test_python_functions.py::test_save_quote PASSED                   [ 58%]
tests/test_python_functions.py::test_get_quote_and_save_if_new_with_new_quote PASSED [ 66%]
tests/test_python_functions.py::test_get_quote_and_save_if_new_with_existing_quote PASSED [ 75%]
tests/test_tasks_configs.py::TestTasksConfigs::test_tasks PASSED         [ 83%]
tests/test_tasks_configs.py::TestTasksConfigs::test_create_file_if_not_exist_task PASSED [ 91%]
tests/test_tasks_configs.py::TestTasksConfigs::test_get_quote_and_save_if_new_task PASSED [100%]

=============================== warnings summary ===============================
tests/test_dag_config.py: 4 warnings
tests/test_python_functions.py: 32 warnings
tests/test_tasks_configs.py: 12 warnings
  /Users/hvandernotte/Library/Caches/pypoetry/virtualenvs/01-data-storage-and-batch-pipeline/04-etl--v1XCWFM6-py3.9/lib/python3.9/site-packages/pytest_responses.py:9: DeprecationWarning: distutils Version classes are deprecated. Use packaging.version instead.
    if LooseVersion(pytest.__version__) >= LooseVersion('4.0.0'):

-- Docs: https://docs.pytest.org/en/stable/how-to/capture-warnings.html
======================= 12 passed, 48 warnings in 0.55s ========================
