============================= test session starts ==============================
platform darwin -- Python 3.9.12, pytest-7.1.2, pluggy-1.0.0 -- /Users/hvandernotte/Library/Caches/pypoetry/virtualenvs/4-etl-and-introduction-to-airflow/track-lo-meL7_BsO-py3.9/bin/python
cachedir: .pytest_cache
rootdir: /Users/hvandernotte/code/le_wagon/data-engineering-solutions/01-Data-Storage-and-Batch-Pipelines/04-ETL-and-introduction-to-Airflow/02-Track-long
plugins: anyio-3.6.1, mock-3.2.0, responses-0.5.0
collecting ... collected 8 items

tests/test_dag_config.py::TestDagConfig::test_dag_config PASSED          [ 12%]
tests/test_python_functions.py::test_get_last_comments PASSED            [ 25%]
tests/test_python_functions.py::test_double_single_quote PASSED          [ 37%]
tests/test_python_functions.py::test_load_to_database PASSED             [ 50%]
tests/test_python_functions.py::test_get_and_insert_last_comments PASSED [ 62%]
tests/test_tasks_configs.py::TestTasksConfigs::test_tasks PASSED         [ 75%]
tests/test_tasks_configs.py::TestTasksConfigs::test_create_comments_task PASSED [ 87%]
tests/test_tasks_configs.py::TestTasksConfigs::test_get_and_insert_last_comments_task PASSED [100%]

=============================== warnings summary ===============================
tests/test_dag_config.py: 4 warnings
tests/test_python_functions.py: 16 warnings
tests/test_tasks_configs.py: 12 warnings
  /Users/hvandernotte/Library/Caches/pypoetry/virtualenvs/4-etl-and-introduction-to-airflow/track-lo-meL7_BsO-py3.9/lib/python3.9/site-packages/pytest_responses.py:9: DeprecationWarning: distutils Version classes are deprecated. Use packaging.version instead.
    if LooseVersion(pytest.__version__) >= LooseVersion('4.0.0'):

-- Docs: https://docs.pytest.org/en/stable/how-to/capture-warnings.html
======================== 8 passed, 32 warnings in 0.95s ========================
